TargetedTargetsHorizontal.txtTargetedTargetsHorizontal60.txtOscillationRangesNominalVertical.txtOscillationRangesNominalHorizontal.txtOscillationRangesReducedVertical.txtOscillationRangesReducedHorizontal.txtDiscreteRangesHorizontal.txtDiscreteRangesVertical.txtDiscreteDelaySequences.txtDiscreteDelaySequences30.txtCollisionSequences.txtCollisionSequences30.txtTargetedTargetsHorizontal.txt
TargetedTargetsHorizontal60.txt
OscillationRangesNominalVertical.txt
OscillationRangesNominalHorizontal.txt
OscillationRangesReducedVertical.txt
OscillationRangesReducedHorizontal.txt
DiscreteRangesHorizontal.txt
DiscreteRangesVertical.txt
DiscreteDelaySequences.txt
DiscreteDelaySequences30.txt
CollisionSequences.txt
CollisionSequences30.txt
TargetedTargetsHorizontal.txt
TargetedTargetsHorizontal60.txt
OscillationRangesNominalVertical.txt
OscillationRangesNominalHorizontal.txt
OscillationRangesReducedVertical.txt
OscillationRangesReducedHorizontal.txt
DiscreteRangesHorizontal.txt
DiscreteRangesVertical.txt
DiscreteDelaySequences.txt
DiscreteDelaySequences30.txt
CollisionSequences.txt
CollisionSequences30.txt
TargetedTargetsVertical60.txt
TargetedTargetsVertical60.txt
TargetedTargetsVertical60.txt
TargetedTargetsVertical60.txt
TargetedTargetsVertical60.txt
TargetedTargetsVertical60.txt
TargetedTargetsVertical60.txt
TargetedTargetsVertical60.txt
TargetedTargetsVertical.txt
TargetedTargetsVertical20.txt
TargetedTargetsVertical30.txt
TargetedTargetsVertical60.txt
TargetedTargetsHorizontal.txt
TargetedTargetsHorizontal20.txt
TargetedTargetsHorizontal30.txt
TargetedTargetsHorizontal60.txt
OscillationRangesNominalVertical.txt
OscillationRangesNominalHorizontal.txt
OscillationRangesReducedVertical.txt
OscillationRangesReducedHorizontal.txt
DiscreteRangesHorizontal.txt
DiscreteRangesVertical.txt
DiscreteDelaySequences.txt
DiscreteDelaySequences30.txt
DiscreteDelaySequences20.txt
CollisionSequences.txt
CollisionSequences20.txt
CollisionSequences30.txt
TargetedTargetsVertical.txt
TargetedTargetsVertical20.txt
TargetedTargetsVertical30.txt
TargetedTargetsVertical60.txt
TargetedTargetsHorizontal.txt
TargetedTargetsHorizontal20.txt
TargetedTargetsHorizontal30.txt
TargetedTargetsHorizontal60.txt
OscillationRangesNominalVertical.txt
OscillationRangesNominalHorizontal.txt
OscillationRangesReducedVertical.txt
OscillationRangesReducedHorizontal.txt
DiscreteRangesHorizontal.txt
DiscreteRangesVertical.txt
DiscreteDelaySequences.txt
DiscreteDelaySequences30.txt
DiscreteDelaySequences20.txt
CollisionSequences.txt
CollisionSequences20.txt
CollisionSequences30.txt
TargetedTargetsVertical.txt
TargetedTargetsVertical20.txt
TargetedTargetsVertical30.txt
TargetedTargetsVertical60.txt
TargetedTargetsHorizontal.txt
TargetedTargetsHorizontal20.txt
TargetedTargetsHorizontal30.txt
TargetedTargetsHorizontal60.txt
OscillationRangesNominalVertical.txt
OscillationRangesNominalHorizontal.txt
OscillationRangesReducedVertical.txt
OscillationRangesReducedHorizontal.txt
DiscreteRangesHorizontal.txt
DiscreteRangesVertical.txt
DiscreteDelaySequences.txt
DiscreteDelaySequences30.txt
DiscreteDelaySequences20.txt
CollisionSequences.txt
CollisionSequences20.txt
CollisionSequences30.txt
TargetedTargetsVertical.txt
TargetedTargetsVertical20.txt
TargetedTargetsVertical30.txt
TargetedTargetsVertical60.txt
TargetedTargetsHorizontal.txt
TargetedTargetsHorizontal20.txt
TargetedTargetsHorizontal30.txt
TargetedTargetsHorizontal60.txt
OscillationRangesNominalVertical.txt
OscillationRangesNominalHorizontal.txt
OscillationRangesReducedVertical.txt
OscillationRangesReducedHorizontal.txt
DiscreteRangesHorizontal.txt
DiscreteRangesVertical.txt
DiscreteDelaySequences.txt
DiscreteDelaySequences30.txt
DiscreteDelaySequences20.txt
CollisionSequences.txt
CollisionSequences20.txt
CollisionSequences30.txt
DiscreteDelaySequences30.txt
DiscreteDelaySequences20.txt
DiscreteDelaySequences30.txt
DiscreteDelaySequences20.txt
DiscreteDelaySequences10.txt
TargetedTargetsVertical20.txt
TargetedTargetsHorizontal20.txt
OscillationRangesNominalVertical.txt
OscillationRangesNominalHorizontal.txt
DiscreteRangesHorizontal.txt
DiscreteRangesVertical.txt
DiscreteDelaySequences20.txt
TargetedTargetsVertical20.txt
DiscreteDelaySequences20.txt
DiscreteDelaySequences20.txt
DiscreteDelaySequences20.txt
